<?xml version="1.0" encoding="UTF-8"?>
<testng-results ignored="0" total="2" passed="2" failed="0" skipped="0">
  <reporter-output>
  </reporter-output>
  <suite started-at="2022-07-27T11:06:06 IST" name="Default suite" finished-at="2022-07-27T11:06:18 IST" duration-ms="11822">
    <groups>
    </groups>
    <test started-at="2022-07-27T11:06:06 IST" name="Default test" finished-at="2022-07-27T11:06:18 IST" duration-ms="11822">
      <class name="com.tests.DropDowntest">
        <test-method is-config="true" signature="beforeSuite()[pri:0, instance:com.tests.DropDowntest@4cc8eb05]" started-at="2022-07-27T11:06:06 IST" name="beforeSuite" finished-at="2022-07-27T11:06:06 IST" duration-ms="19" status="PASS">
          <reporter-output>
          </reporter-output>
        </test-method> <!-- beforeSuite -->
        <test-method is-config="true" signature="beforeTest()[pri:0, instance:com.tests.DropDowntest@4cc8eb05]" started-at="2022-07-27T11:06:06 IST" name="beforeTest" finished-at="2022-07-27T11:06:10 IST" duration-ms="3664" status="PASS">
          <reporter-output>
          </reporter-output>
        </test-method> <!-- beforeTest -->
        <test-method is-config="true" signature="beforeClass()[pri:0, instance:com.tests.DropDowntest@4cc8eb05]" started-at="2022-07-27T11:06:10 IST" name="beforeClass" finished-at="2022-07-27T11:06:10 IST" duration-ms="0" status="PASS">
          <reporter-output>
          </reporter-output>
        </test-method> <!-- beforeClass -->
        <test-method is-config="true" signature="beforeMethod()[pri:0, instance:com.tests.DropDowntest@4cc8eb05]" started-at="2022-07-27T11:06:10 IST" name="beforeMethod" finished-at="2022-07-27T11:06:10 IST" duration-ms="1" status="PASS">
          <reporter-output>
          </reporter-output>
        </test-method> <!-- beforeMethod -->
        <test-method signature="ValidateLoadingTutorialsHut()[pri:0, instance:com.tests.DropDowntest@4cc8eb05]" started-at="2022-07-27T11:06:10 IST" name="ValidateLoadingTutorialsHut" finished-at="2022-07-27T11:06:14 IST" duration-ms="4283" status="PASS">
          <reporter-output>
          </reporter-output>
        </test-method> <!-- ValidateLoadingTutorialsHut -->
        <test-method is-config="true" signature="afterMethod()[pri:0, instance:com.tests.DropDowntest@4cc8eb05]" started-at="2022-07-27T11:06:14 IST" name="afterMethod" finished-at="2022-07-27T11:06:14 IST" duration-ms="1" status="PASS">
          <reporter-output>
          </reporter-output>
        </test-method> <!-- afterMethod -->
        <test-method signature="ValidateDropDownAvailable()[pri:1, instance:com.tests.DropDowntest@4cc8eb05]" started-at="2022-07-27T11:06:14 IST" name="ValidateDropDownAvailable" finished-at="2022-07-27T11:06:18 IST" duration-ms="3773" status="PASS">
          <reporter-output>
          </reporter-output>
        </test-method> <!-- ValidateDropDownAvailable -->
        <test-method is-config="true" signature="beforeMethod()[pri:0, instance:com.tests.DropDowntest@4cc8eb05]" started-at="2022-07-27T11:06:14 IST" name="beforeMethod" finished-at="2022-07-27T11:06:14 IST" duration-ms="0" status="PASS">
          <reporter-output>
          </reporter-output>
        </test-method> <!-- beforeMethod -->
        <test-method is-config="true" signature="afterMethod()[pri:0, instance:com.tests.DropDowntest@4cc8eb05]" started-at="2022-07-27T11:06:18 IST" name="afterMethod" finished-at="2022-07-27T11:06:18 IST" duration-ms="1" status="PASS">
          <reporter-output>
          </reporter-output>
        </test-method> <!-- afterMethod -->
        <test-method is-config="true" signature="afterClass()[pri:0, instance:com.tests.DropDowntest@4cc8eb05]" started-at="2022-07-27T11:06:18 IST" name="afterClass" finished-at="2022-07-27T11:06:18 IST" duration-ms="1" status="PASS">
          <reporter-output>
          </reporter-output>
        </test-method> <!-- afterClass -->
        <test-method is-config="true" signature="afterTest()[pri:0, instance:com.tests.DropDowntest@4cc8eb05]" started-at="2022-07-27T11:06:18 IST" name="afterTest" finished-at="2022-07-27T11:06:18 IST" duration-ms="0" status="PASS">
          <reporter-output>
          </reporter-output>
        </test-method> <!-- afterTest -->
        <test-method is-config="true" signature="afterSuite()[pri:0, instance:com.tests.DropDowntest@4cc8eb05]" started-at="2022-07-27T11:06:18 IST" name="afterSuite" finished-at="2022-07-27T11:06:18 IST" duration-ms="0" status="PASS">
          <reporter-output>
          </reporter-output>
        </test-method> <!-- afterSuite -->
      </class> <!-- com.tests.DropDowntest -->
    </test> <!-- Default test -->
  </suite> <!-- Default suite -->
</testng-results>
